\BOOKMARK [0][-]{chapter.1}{\376\377\000C\000a\000p\000\355\000t\000u\000l\000o\000\040\000I\000.\000\040\000F\000u\000n\000d\000a\000m\000e\000n\000t\000o\000s\000\040\000d\000e\000\040\000v\000a\000r\000i\000e\000d\000a\000d\000e\000s\000\040\000d\000i\000f\000e\000r\000e\000n\000c\000i\000a\000b\000l\000e\000s}{}% 1
\BOOKMARK [1][-]{section.1.1}{\376\377\0001\000.\000\040\000D\000e\000f\000i\000n\000i\000c\000i\000o\000n\000e\000s\000\040\000d\000e\000\040\000v\000a\000r\000i\000e\000d\000a\000d\000\040\000d\000i\000f\000e\000r\000e\000n\000c\000i\000a\000b\000l\000e}{chapter.1}% 2
\BOOKMARK [1][-]{section.1.2}{\376\377\0002\000.\000\040\000D\000e\000f\000i\000n\000i\000c\000i\000o\000n\000e\000s\000\040\000d\000e\000l\000\040\000e\000s\000p\000a\000c\000i\000o\000\040\000t\000a\000n\000g\000e\000n\000t\000e}{chapter.1}% 3
\BOOKMARK [1][-]{section.1.3}{\376\377\0003\000.\000\040\000F\000i\000b\000r\000a\000d\000o\000\040\000t\000a\000n\000g\000e\000n\000t\000e\000\040\000y\000\040\000f\000i\000b\000r\000a\000d\000o\000s\000\040\000v\000e\000c\000t\000o\000r\000i\000a\000l\000e\000s}{chapter.1}% 4
\BOOKMARK [1][-]{section.1.4}{\376\377\0004\000.\000\040\000C\000\341\000l\000c\000u\000l\000o\000\040\000t\000e\000n\000s\000o\000r\000i\000a\000l}{chapter.1}% 5
\BOOKMARK [1][-]{section.1.5}{\376\377\0005\000.\000\040\000C\000a\000m\000p\000o\000s\000\040\000v\000e\000c\000t\000o\000r\000i\000a\000l\000e\000s\000,\000\040\000f\000l\000u\000j\000o\000s\000\040\000y\000\040\000d\000e\000r\000i\000v\000a\000d\000a\000\040\000d\000e\000\040\000L\000i\000e}{chapter.1}% 6
\BOOKMARK [1][-]{section.1.6}{\376\377\0006\000.\000\040\000I\000n\000t\000e\000g\000r\000a\000c\000i\000\363\000n\000\040\000d\000e\000\040\000f\000o\000r\000m\000a\000s\000\040\000y\000\040\000t\000e\000o\000r\000e\000m\000a\000\040\000d\000e\000\040\000S\000t\000o\000k\000e\000s}{chapter.1}% 7
\BOOKMARK [0][-]{chapter.2}{\376\377\000C\000a\000p\000\355\000t\000u\000l\000o\000\040\000I\000I\000.\000\040\000T\000o\000p\000o\000l\000o\000g\000\355\000a\000\040\000a\000l\000g\000e\000b\000r\000a\000i\000c\000a\000\040\000e\000n\000\040\000v\000a\000r\000i\000e\000d\000a\000d\000e\000s}{}% 8
\BOOKMARK [1][-]{section.2.7}{\376\377\0007\000.\000\040\000T\000e\000o\000r\000\355\000a\000\040\000d\000e\000\040\000c\000a\000t\000e\000g\000o\000r\000\355\000a\000s}{chapter.2}% 9
\BOOKMARK [1][-]{section.2.8}{\376\377\0008\000.\000\040\000\301\000l\000g\000e\000b\000r\000a\000\040\000h\000o\000m\000o\000l\000\363\000g\000i\000c\000a\000\040\0001\000:\000\040\000C\000a\000t\000e\000g\000o\000r\000\355\000a\000s\000\040\000a\000b\000e\000l\000i\000a\000n\000a\000s}{chapter.2}% 10
\BOOKMARK [1][-]{section.2.9}{\376\377\0009\000.\000\040\000\301\000l\000g\000e\000b\000r\000a\000\040\000h\000o\000m\000o\000l\000\363\000g\000i\000c\000a\000\040\0002\000:\000\040\000L\000a\000\040\000c\000a\000t\000e\000g\000o\000r\000\355\000a\000\040\000d\000e\000r\000i\000v\000a\000d\000a}{chapter.2}% 11
\BOOKMARK [1][-]{section.2.10}{\376\377\0001\0000\000.\000\040\000T\000e\000o\000r\000\355\000a\000\040\000d\000e\000\040\000h\000a\000c\000e\000s\000\040\000e\000n\000\040\000v\000a\000r\000i\000e\000d\000a\000d\000e\000s}{chapter.2}% 12
\BOOKMARK [1][-]{section.2.11}{\376\377\0001\0001\000.\000\040\000C\000o\000h\000o\000m\000o\000l\000o\000g\000\355\000a\000\040\000e\000n\000\040\000v\000a\000r\000i\000e\000d\000a\000d\000e\000s}{chapter.2}% 13
\BOOKMARK [1][-]{section.2.12}{\376\377\0001\0002\000.\000\040\000T\000e\000o\000r\000\355\000a\000\040\000d\000e\000\040\000M\000o\000r\000s\000e\000\040\000y\000\040\000t\000e\000o\000r\000\355\000a\000\040\000d\000e\000l\000\040\000g\000r\000a\000d\000o}{chapter.2}% 14
\BOOKMARK [0][-]{chapter.3}{\376\377\000C\000a\000p\000\355\000t\000u\000l\000o\000\040\000I\000I\000I\000.\000\040\000G\000e\000o\000m\000e\000t\000r\000\355\000a\000\040\000r\000i\000e\000m\000a\000n\000n\000i\000a\000n\000a}{}% 15
\BOOKMARK [1][-]{section.3.13}{\376\377\0001\0003\000.\000\040\000M\000\351\000t\000r\000i\000c\000a\000s\000\040\000r\000i\000e\000m\000a\000n\000n\000i\000a\000n\000a\000s}{chapter.3}% 16
\BOOKMARK [1][-]{section.3.14}{\376\377\0001\0004\000.\000\040\000S\000i\000m\000e\000t\000r\000\355\000a\000s\000\040\000y\000\040\000e\000s\000t\000r\000u\000c\000t\000u\000r\000a\000s\000\040\000g\000e\000o\000m\000\351\000t\000r\000i\000c\000a\000s}{chapter.3}% 17
\BOOKMARK [1][-]{section.3.15}{\376\377\0001\0005\000.\000\040\000C\000u\000r\000v\000a\000t\000u\000r\000a\000\040\000i\000n\000t\000r\000\355\000n\000s\000e\000c\000a}{chapter.3}% 18
\BOOKMARK [1][-]{section.3.16}{\376\377\0001\0006\000.\000\040\000C\000u\000r\000v\000a\000t\000u\000r\000a\000\040\000e\000x\000t\000r\000\355\000n\000s\000e\000c\000a\000:\000\040\000C\000u\000r\000v\000a\000s\000\040\000p\000l\000a\000n\000a\000s}{chapter.3}% 19
\BOOKMARK [1][-]{section.3.17}{\376\377\0001\0007\000.\000\040\000S\000u\000p\000e\000r\000f\000i\000c\000i\000e\000s\000\040\000e\000n\000\040\000e\000l\000\040\000e\000s\000p\000a\000c\000i\000o}{chapter.3}% 20
\BOOKMARK [1][-]{section.3.18}{\376\377\0001\0008\000.\000\040\000G\000e\000o\000m\000e\000t\000r\000\355\000a\000\040\000r\000i\000e\000m\000a\000n\000n\000i\000a\000n\000a\000\040\000i\000n\000t\000r\000\355\000n\000s\000e\000c\000a}{chapter.3}% 21
\BOOKMARK [1][-]{section.3.19}{\376\377\0001\0009\000.\000\040\000L\000a\000\040\000c\000o\000n\000e\000x\000i\000\363\000n\000\040\000d\000e\000\040\000L\000e\000v\000i\000-\000C\000i\000v\000i\000t\000a}{chapter.3}% 22
\BOOKMARK [1][-]{section.3.20}{\376\377\0002\0000\000.\000\040\000G\000e\000o\000d\000\351\000s\000i\000c\000a\000s\000\040\000y\000\040\000a\000p\000l\000i\000c\000a\000c\000i\000\363\000n\000\040\000e\000x\000p\000o\000n\000e\000n\000c\000i\000a\000l}{chapter.3}% 23
\BOOKMARK [1][-]{section.3.21}{\376\377\0002\0001\000.\000\040\000E\000l\000\040\000t\000e\000n\000s\000o\000r\000\040\000d\000e\000\040\000c\000u\000r\000v\000a\000t\000u\000r\000a}{chapter.3}% 24
\BOOKMARK [0][-]{chapter.4}{\376\377\000C\000a\000p\000\355\000t\000u\000l\000o\000\040\000I\000V\000.\000\040\000D\000i\000s\000t\000r\000i\000b\000u\000c\000i\000o\000n\000e\000s\000,\000\040\000\341\000l\000g\000e\000b\000r\000a\000s\000\040\000d\000e\000\040\000L\000i\000e\000\040\000y\000\040\000g\000r\000u\000p\000o\000s\000\040\000d\000e\000\040\000L\000i\000e}{}% 25
\BOOKMARK [1][-]{section.4.22}{\376\377\0002\0002\000.\000\040\000D\000i\000s\000t\000r\000i\000b\000u\000c\000i\000o\000n\000e\000s\000\040\000y\000\040\000f\000o\000l\000i\000a\000c\000i\000o\000n\000e\000s}{chapter.4}% 26
\BOOKMARK [1][-]{section.4.23}{\376\377\0002\0003\000.\000\040\000\301\000l\000g\000e\000b\000r\000a\000s\000\040\000d\000e\000\040\000L\000i\000e}{chapter.4}% 27
\BOOKMARK [1][-]{section.4.24}{\376\377\0002\0004\000.\000\040\000G\000r\000u\000p\000o\000s\000\040\000d\000e\000\040\000L\000i\000e}{chapter.4}% 28
\BOOKMARK [1][-]{section.4.25}{\376\377\0002\0005\000.\000\040\000F\000o\000r\000m\000a\000\040\000d\000e\000\040\000M\000a\000u\000r\000e\000r\040\023\000C\000a\000r\000t\000a\000n}{chapter.4}% 29
\BOOKMARK [0][-]{chapter.5}{\376\377\000C\000a\000p\000\355\000t\000u\000l\000o\000\040\000V\000.\000\040\000F\000i\000b\000r\000a\000d\000o\000s\000\040\000p\000r\000i\000n\000c\000i\000p\000a\000l\000e\000s}{}% 30
\BOOKMARK [1][-]{section.5.26}{\376\377\0002\0006\000.\000\040\000F\000i\000b\000r\000a\000d\000o\000s\000\040\000p\000r\000i\000n\000c\000i\000p\000a\000l\000e\000s}{chapter.5}% 31
\BOOKMARK [1][-]{section.5.27}{\376\377\0002\0007\000.\000\040\000C\000o\000n\000e\000x\000i\000o\000n\000e\000s\000\040\000y\000\040\000c\000u\000r\000v\000a\000t\000u\000r\000a}{chapter.5}% 32
\BOOKMARK [1][-]{section.5.28}{\376\377\0002\0008\000.\000\040\000C\000l\000a\000s\000e\000s\000\040\000c\000a\000r\000a\000c\000t\000e\000r\000\355\000s\000t\000i\000c\000a\000s}{chapter.5}% 33
\BOOKMARK [1][-]{section.5.29}{\376\377\0002\0009\000.\000\040\000C\000l\000a\000s\000e\000s\000\040\000d\000e\000\040\000E\000u\000l\000e\000r}{chapter.5}% 34
\BOOKMARK [0][-]{chapter.6}{\376\377\000C\000a\000p\000\355\000t\000u\000l\000o\000\040\000V\000I\000.\000\040\000H\000o\000l\000o\000n\000o\000m\000\355\000a\000\040\000y\000\040\000c\000u\000r\000v\000a\000t\000u\000r\000a\000\040\000c\000o\000n\000s\000t\000a\000n\000t\000e}{}% 35
\BOOKMARK [1][-]{section.6.30}{\376\377\0003\0000\000.\000\040\000H\000o\000l\000o\000n\000o\000m\000\355\000a}{chapter.6}% 36
\BOOKMARK [1][-]{section.6.31}{\376\377\0003\0001\000.\000\040\000G\000e\000o\000m\000e\000t\000r\000\355\000a\000\040\000a\000\040\000l\000a\000\040\000C\000a\000r\000t\000a\000n}{chapter.6}% 37
\BOOKMARK [1][-]{section.6.32}{\376\377\0003\0002\000.\000\040\000F\000o\000r\000m\000a\000s\000\040\000e\000s\000p\000a\000c\000i\000a\000l\000e\000s}{chapter.6}% 38
\BOOKMARK [0][-]{chapter.7}{\376\377\000C\000a\000p\000\355\000t\000u\000l\000o\000\040\000V\000I\000I\000.\000\040\000A\000n\000\341\000l\000i\000s\000i\000s\000\040\000g\000l\000o\000b\000a\000l}{}% 39
\BOOKMARK [1][-]{section.7.33}{\376\377\0003\0003\000.\000\040\000E\000s\000t\000r\000e\000l\000l\000a\000\040\000d\000e\000\040\000H\000o\000d\000g\000e\000\040\000y\000\040\000l\000a\000p\000l\000a\000c\000i\000a\000n\000o}{chapter.7}% 40
\BOOKMARK [1][-]{section.7.34}{\376\377\0003\0004\000.\000\040\000L\000a\000\040\000e\000c\000u\000a\000c\000i\000\363\000n\000\040\000d\000e\000\040\000P\000o\000i\000s\000s\000o\000n\000\040\000e\000n\000\040\000s\000u\000p\000e\000r\000f\000i\000c\000i\000e\000s}{chapter.7}% 41
\BOOKMARK [1][-]{section.7.35}{\376\377\0003\0005\000.\000\040\000S\000u\000p\000e\000r\000f\000i\000c\000i\000e\000s\000\040\000d\000e\000\040\000R\000i\000e\000m\000a\000n\000n\000\040\000c\000o\000m\000p\000a\000c\000t\000a\000s}{chapter.7}% 42
